Determining if the pthread_create exist failed with the following output:
Change Dir: /home/workspace/project1/build/CMakeFiles/CMakeTmp

Run Build Command:"/usr/bin/make" "cmTC_4158e/fast"
/usr/bin/make -f CMakeFiles/cmTC_4158e.dir/build.make CMakeFiles/cmTC_4158e.dir/build
make[1]: Entering directory '/home/workspace/project1/build/CMakeFiles/CMakeTmp'
Building C object CMakeFiles/cmTC_4158e.dir/CheckSymbolExists.c.o
/usr/bin/cc     -o CMakeFiles/cmTC_4158e.dir/CheckSymbolExists.c.o   -c /home/workspace/project1/build/CMakeFiles/CMakeTmp/CheckSymbolExists.c
Linking C executable cmTC_4158e
/usr/bin/cmake -E cmake_link_script CMakeFiles/cmTC_4158e.dir/link.txt --verbose=1
/usr/bin/cc       CMakeFiles/cmTC_4158e.dir/CheckSymbolExists.c.o  -o cmTC_4158e -rdynamic 
CMakeFiles/cmTC_4158e.dir/CheckSymbolExists.c.o: In function `main':
CheckSymbolExists.c:(.text+0x16): undefined reference to `pthread_create'
collect2: error: ld returned 1 exit status
CMakeFiles/cmTC_4158e.dir/build.make:97: recipe for target 'cmTC_4158e' failed
make[1]: *** [cmTC_4158e] Error 1
make[1]: Leaving directory '/home/workspace/project1/build/CMakeFiles/CMakeTmp'
Makefile:126: recipe for target 'cmTC_4158e/fast' failed
make: *** [cmTC_4158e/fast] Error 2

File /home/workspace/project1/build/CMakeFiles/CMakeTmp/CheckSymbolExists.c:
/* */
#include <pthread.h>

int main(int argc, char** argv)
{
  (void)argv;
#ifndef pthread_create
  return ((int*)(&pthread_create))[argc];
#else
  (void)argc;
  return 0;
#endif
}

Determining if the function pthread_create exists in the pthreads failed with the following output:
Change Dir: /home/workspace/project1/build/CMakeFiles/CMakeTmp

Run Build Command:"/usr/bin/make" "cmTC_80e77/fast"
/usr/bin/make -f CMakeFiles/cmTC_80e77.dir/build.make CMakeFiles/cmTC_80e77.dir/build
make[1]: Entering directory '/home/workspace/project1/build/CMakeFiles/CMakeTmp'
Building C object CMakeFiles/cmTC_80e77.dir/CheckFunctionExists.c.o
/usr/bin/cc    -DCHECK_FUNCTION_EXISTS=pthread_create   -o CMakeFiles/cmTC_80e77.dir/CheckFunctionExists.c.o   -c /usr/share/cmake-3.5/Modules/CheckFunctionExists.c
Linking C executable cmTC_80e77
/usr/bin/cmake -E cmake_link_script CMakeFiles/cmTC_80e77.dir/link.txt --verbose=1
/usr/bin/cc   -DCHECK_FUNCTION_EXISTS=pthread_create    CMakeFiles/cmTC_80e77.dir/CheckFunctionExists.c.o  -o cmTC_80e77 -rdynamic -lpthreads 
/usr/bin/ld: cannot find -lpthreads
collect2: error: ld returned 1 exit status
CMakeFiles/cmTC_80e77.dir/build.make:97: recipe for target 'cmTC_80e77' failed
make[1]: *** [cmTC_80e77] Error 1
make[1]: Leaving directory '/home/workspace/project1/build/CMakeFiles/CMakeTmp'
Makefile:126: recipe for target 'cmTC_80e77/fast' failed
make: *** [cmTC_80e77/fast] Error 2


